[INFO ]2018-01-27 19:22:19 c.i.internal.factor.FactorController - Find category by factor id 13
[INFO ]2018-01-27 19:22:19 c.i.internal.factor.FactorController - Find category by factor id 12
[INFO ]2018-01-27 19:22:19 c.i.internal.factor.FactorController - Find category by factor id 7
[INFO ]2018-01-27 19:22:19 c.i.internal.factor.FactorController - Find category by factor id 8
[INFO ]2018-01-27 19:22:19 c.i.internal.factor.FactorController - Find category by factor id 6
[INFO ]2018-01-27 19:22:19 c.i.internal.factor.FactorController - Find category by factor id 9
[INFO ]2018-01-27 19:22:19 c.i.internal.factor.FactorController - Category with id 9 is found
[INFO ]2018-01-27 19:22:19 c.i.internal.factor.FactorController - Category with id 12 is found
[INFO ]2018-01-27 19:22:19 c.i.internal.factor.FactorController - Category with id 8 is found
[INFO ]2018-01-27 19:22:19 c.i.internal.factor.FactorController - Category with id 7 is found
[INFO ]2018-01-27 19:22:19 c.i.internal.factor.FactorController - Category with id 6 is found
[INFO ]2018-01-27 19:22:19 c.i.internal.factor.FactorController - Category with id 13 is found
[INFO ]2018-01-27 19:22:19 c.i.internal.factor.FactorController - Find category by factor id 10
[INFO ]2018-01-27 19:22:19 c.i.internal.factor.FactorController - Find category by factor id 5
[INFO ]2018-01-27 19:22:19 c.i.internal.factor.FactorController - Find category by factor id 4
[INFO ]2018-01-27 19:22:19 c.i.internal.factor.FactorController - Category with id 10 is found
[INFO ]2018-01-27 19:22:19 c.i.internal.factor.FactorController - Category with id 5 is found
[INFO ]2018-01-27 19:22:19 c.i.internal.factor.FactorController - Find category by factor id 2
[INFO ]2018-01-27 19:22:19 c.i.internal.factor.FactorController - Find category by factor id 11
[INFO ]2018-01-27 19:22:19 c.i.internal.factor.FactorController - Find category by factor id 1
[INFO ]2018-01-27 19:22:19 c.i.internal.factor.FactorController - Find category by factor id 3
[INFO ]2018-01-27 19:22:19 c.i.internal.factor.FactorController - Category with id 2 is found
[INFO ]2018-01-27 19:22:19 c.i.internal.factor.FactorController - Category with id 11 is found
[INFO ]2018-01-27 19:22:19 c.i.internal.factor.FactorController - Category with id 1 is found
[INFO ]2018-01-27 19:22:19 c.i.internal.factor.FactorController - Category with id 3 is found
[INFO ]2018-01-27 19:22:19 c.i.internal.factor.FactorController - Category with id 4 is found
[INFO ]2018-01-27 19:22:25 c.i.internal.factor.FactorController - Find category by factor id 9
[INFO ]2018-01-27 19:22:25 c.i.internal.factor.FactorController - Find category by factor id 8
[INFO ]2018-01-27 19:22:25 c.i.internal.factor.FactorController - Category with id 9 is found
[INFO ]2018-01-27 19:22:25 c.i.internal.factor.FactorController - Find category by factor id 6
[INFO ]2018-01-27 19:22:25 c.i.internal.factor.FactorController - Category with id 8 is found
[INFO ]2018-01-27 19:22:25 c.i.internal.factor.FactorController - Category with id 6 is found
[INFO ]2018-01-27 19:22:25 c.i.internal.factor.FactorController - Find category by factor id 7
[INFO ]2018-01-27 19:22:25 c.i.internal.factor.FactorController - Find category by factor id 13
[INFO ]2018-01-27 19:22:25 c.i.internal.factor.FactorController - Find category by factor id 12
[INFO ]2018-01-27 19:22:25 c.i.internal.factor.FactorController - Category with id 7 is found
[INFO ]2018-01-27 19:22:25 c.i.internal.factor.FactorController - Category with id 13 is found
[INFO ]2018-01-27 19:22:25 c.i.internal.factor.FactorController - Category with id 12 is found
[INFO ]2018-01-27 19:22:25 c.i.internal.factor.FactorController - Find category by factor id 11
[INFO ]2018-01-27 19:22:25 c.i.internal.factor.FactorController - Find category by factor id 10
[INFO ]2018-01-27 19:22:25 c.i.internal.factor.FactorController - Category with id 11 is found
[INFO ]2018-01-27 19:22:25 c.i.internal.factor.FactorController - Category with id 10 is found
[INFO ]2018-01-27 19:22:25 c.i.internal.factor.FactorController - Find category by factor id 5
[INFO ]2018-01-27 19:22:25 c.i.internal.factor.FactorController - Find category by factor id 4
[INFO ]2018-01-27 19:22:25 c.i.internal.factor.FactorController - Category with id 5 is found
[INFO ]2018-01-27 19:22:25 c.i.internal.factor.FactorController - Find category by factor id 2
[INFO ]2018-01-27 19:22:25 c.i.internal.factor.FactorController - Category with id 4 is found
[INFO ]2018-01-27 19:22:25 c.i.internal.factor.FactorController - Find category by factor id 1
[INFO ]2018-01-27 19:22:25 c.i.internal.factor.FactorController - Category with id 2 is found
[INFO ]2018-01-27 19:22:25 c.i.internal.factor.FactorController - Category with id 1 is found
[INFO ]2018-01-27 19:22:25 c.i.internal.factor.FactorController - Find category by factor id 3
[INFO ]2018-01-27 19:22:25 c.i.internal.factor.FactorController - Category with id 3 is found
[INFO ]2018-01-28 16:00:41 c.i.internal.factor.FactorController - Find category by factor id 12
[INFO ]2018-01-28 16:00:41 c.i.internal.factor.FactorController - Find category by factor id 13
[INFO ]2018-01-28 16:00:41 c.i.internal.factor.FactorController - Find category by factor id 7
[INFO ]2018-01-28 16:00:41 c.i.internal.factor.FactorController - Find category by factor id 8
[INFO ]2018-01-28 16:00:41 c.i.internal.factor.FactorController - Find category by factor id 6
[INFO ]2018-01-28 16:00:41 c.i.internal.factor.FactorController - Find category by factor id 9
[INFO ]2018-01-28 16:00:41 c.i.internal.factor.FactorController - Category with id 13 is found
[INFO ]2018-01-28 16:00:41 c.i.internal.factor.FactorController - Category with id 12 is found
[INFO ]2018-01-28 16:00:41 c.i.internal.factor.FactorController - Category with id 9 is found
[INFO ]2018-01-28 16:00:41 c.i.internal.factor.FactorController - Category with id 6 is found
[INFO ]2018-01-28 16:00:41 c.i.internal.factor.FactorController - Category with id 8 is found
[INFO ]2018-01-28 16:00:41 c.i.internal.factor.FactorController - Category with id 7 is found
[INFO ]2018-01-28 16:00:41 c.i.internal.factor.FactorController - Find category by factor id 1
[INFO ]2018-01-28 16:00:41 c.i.internal.factor.FactorController - Find category by factor id 2
[INFO ]2018-01-28 16:00:41 c.i.internal.factor.FactorController - Find category by factor id 11
[INFO ]2018-01-28 16:00:41 c.i.internal.factor.FactorController - Find category by factor id 4
[INFO ]2018-01-28 16:00:41 c.i.internal.factor.FactorController - Find category by factor id 5
[INFO ]2018-01-28 16:00:41 c.i.internal.factor.FactorController - Category with id 2 is found
[INFO ]2018-01-28 16:00:41 c.i.internal.factor.FactorController - Category with id 5 is found
[INFO ]2018-01-28 16:00:41 c.i.internal.factor.FactorController - Find category by factor id 10
[INFO ]2018-01-28 16:00:41 c.i.internal.factor.FactorController - Category with id 11 is found
[INFO ]2018-01-28 16:00:41 c.i.internal.factor.FactorController - Category with id 10 is found
[INFO ]2018-01-28 16:00:41 c.i.internal.factor.FactorController - Find category by factor id 3
[INFO ]2018-01-28 16:00:41 c.i.internal.factor.FactorController - Category with id 1 is found
[INFO ]2018-01-28 16:00:41 c.i.internal.factor.FactorController - Category with id 4 is found
[INFO ]2018-01-28 16:00:41 c.i.internal.factor.FactorController - Category with id 3 is found
[INFO ]2018-01-28 16:00:57 c.i.internal.factor.FactorController - Find category by factor id 7
[INFO ]2018-01-28 16:00:57 c.i.internal.factor.FactorController - Find category by factor id 9
[INFO ]2018-01-28 16:00:57 c.i.internal.factor.FactorController - Find category by factor id 13
[INFO ]2018-01-28 16:00:57 c.i.internal.factor.FactorController - Category with id 7 is found
[INFO ]2018-01-28 16:00:57 c.i.internal.factor.FactorController - Find category by factor id 8
[INFO ]2018-01-28 16:00:57 c.i.internal.factor.FactorController - Find category by factor id 6
[INFO ]2018-01-28 16:00:57 c.i.internal.factor.FactorController - Find category by factor id 12
[INFO ]2018-01-28 16:00:57 c.i.internal.factor.FactorController - Category with id 9 is found
[INFO ]2018-01-28 16:00:57 c.i.internal.factor.FactorController - Category with id 8 is found
[INFO ]2018-01-28 16:00:57 c.i.internal.factor.FactorController - Find category by factor id 11
[INFO ]2018-01-28 16:00:57 c.i.internal.factor.FactorController - Find category by factor id 10
[INFO ]2018-01-28 16:00:57 c.i.internal.factor.FactorController - Category with id 6 is found
[INFO ]2018-01-28 16:00:57 c.i.internal.factor.FactorController - Category with id 13 is found
[INFO ]2018-01-28 16:00:57 c.i.internal.factor.FactorController - Category with id 12 is found
[INFO ]2018-01-28 16:00:57 c.i.internal.factor.FactorController - Find category by factor id 4
[INFO ]2018-01-28 16:00:57 c.i.internal.factor.FactorController - Find category by factor id 5
[INFO ]2018-01-28 16:00:57 c.i.internal.factor.FactorController - Category with id 10 is found
[INFO ]2018-01-28 16:00:57 c.i.internal.factor.FactorController - Find category by factor id 2
[INFO ]2018-01-28 16:00:57 c.i.internal.factor.FactorController - Category with id 11 is found
[INFO ]2018-01-28 16:00:57 c.i.internal.factor.FactorController - Category with id 4 is found
[INFO ]2018-01-28 16:00:57 c.i.internal.factor.FactorController - Find category by factor id 1
[INFO ]2018-01-28 16:00:57 c.i.internal.factor.FactorController - Category with id 2 is found
[INFO ]2018-01-28 16:00:57 c.i.internal.factor.FactorController - Category with id 5 is found
[INFO ]2018-01-28 16:00:57 c.i.internal.factor.FactorController - Category with id 1 is found
[INFO ]2018-01-28 16:00:57 c.i.internal.factor.FactorController - Find category by factor id 3
[INFO ]2018-01-28 16:00:57 c.i.internal.factor.FactorController - Category with id 3 is found
[INFO ]2018-01-28 16:01:41 c.i.internal.factor.FactorController - Find category by factor id 9
[INFO ]2018-01-28 16:01:41 c.i.internal.factor.FactorController - Find category by factor id 12
[INFO ]2018-01-28 16:01:41 c.i.internal.factor.FactorController - Find category by factor id 7
[INFO ]2018-01-28 16:01:41 c.i.internal.factor.FactorController - Find category by factor id 6
[INFO ]2018-01-28 16:01:41 c.i.internal.factor.FactorController - Find category by factor id 8
[INFO ]2018-01-28 16:01:41 c.i.internal.factor.FactorController - Find category by factor id 13
[INFO ]2018-01-28 16:01:42 c.i.internal.factor.FactorController - Category with id 9 is found
[INFO ]2018-01-28 16:01:42 c.i.internal.factor.FactorController - Category with id 8 is found
[INFO ]2018-01-28 16:01:42 c.i.internal.factor.FactorController - Category with id 7 is found
[INFO ]2018-01-28 16:01:42 c.i.internal.factor.FactorController - Category with id 13 is found
[INFO ]2018-01-28 16:01:42 c.i.internal.factor.FactorController - Category with id 12 is found
[INFO ]2018-01-28 16:01:42 c.i.internal.factor.FactorController - Category with id 6 is found
[INFO ]2018-01-28 16:01:42 c.i.internal.factor.FactorController - Find category by factor id 10
[INFO ]2018-01-28 16:01:42 c.i.internal.factor.FactorController - Find category by factor id 11
[INFO ]2018-01-28 16:01:42 c.i.internal.factor.FactorController - Find category by factor id 4
[INFO ]2018-01-28 16:01:42 c.i.internal.factor.FactorController - Category with id 10 is found
[INFO ]2018-01-28 16:01:42 c.i.internal.factor.FactorController - Find category by factor id 5
[INFO ]2018-01-28 16:01:42 c.i.internal.factor.FactorController - Category with id 11 is found
[INFO ]2018-01-28 16:01:42 c.i.internal.factor.FactorController - Find category by factor id 3
[INFO ]2018-01-28 16:01:42 c.i.internal.factor.FactorController - Find category by factor id 2
[INFO ]2018-01-28 16:01:42 c.i.internal.factor.FactorController - Category with id 5 is found
[INFO ]2018-01-28 16:01:42 c.i.internal.factor.FactorController - Find category by factor id 1
[INFO ]2018-01-28 16:01:42 c.i.internal.factor.FactorController - Category with id 3 is found
[INFO ]2018-01-28 16:01:42 c.i.internal.factor.FactorController - Category with id 1 is found
[INFO ]2018-01-28 16:01:42 c.i.internal.factor.FactorController - Category with id 2 is found
[INFO ]2018-01-28 16:01:42 c.i.internal.factor.FactorController - Category with id 4 is found
[INFO ]2018-01-28 16:02:18 c.i.internal.factor.FactorController - Find category by factor id 7
[INFO ]2018-01-28 16:02:18 c.i.internal.factor.FactorController - Find category by factor id 6
[INFO ]2018-01-28 16:02:18 c.i.internal.factor.FactorController - Find category by factor id 9
[INFO ]2018-01-28 16:02:18 c.i.internal.factor.FactorController - Find category by factor id 13
[INFO ]2018-01-28 16:02:18 c.i.internal.factor.FactorController - Find category by factor id 8
[INFO ]2018-01-28 16:02:18 c.i.internal.factor.FactorController - Find category by factor id 12
[INFO ]2018-01-28 16:02:18 c.i.internal.factor.FactorController - Category with id 6 is found
[INFO ]2018-01-28 16:02:18 c.i.internal.factor.FactorController - Category with id 7 is found
[INFO ]2018-01-28 16:02:18 c.i.internal.factor.FactorController - Category with id 9 is found
[INFO ]2018-01-28 16:02:18 c.i.internal.factor.FactorController - Category with id 13 is found
[INFO ]2018-01-28 16:02:18 c.i.internal.factor.FactorController - Find category by factor id 10
[INFO ]2018-01-28 16:02:18 c.i.internal.factor.FactorController - Find category by factor id 5
[INFO ]2018-01-28 16:02:18 c.i.internal.factor.FactorController - Find category by factor id 11
[INFO ]2018-01-28 16:02:18 c.i.internal.factor.FactorController - Category with id 8 is found
[INFO ]2018-01-28 16:02:18 c.i.internal.factor.FactorController - Category with id 10 is found
[INFO ]2018-01-28 16:02:18 c.i.internal.factor.FactorController - Find category by factor id 4
[INFO ]2018-01-28 16:02:18 c.i.internal.factor.FactorController - Category with id 11 is found
[INFO ]2018-01-28 16:02:18 c.i.internal.factor.FactorController - Category with id 4 is found
[INFO ]2018-01-28 16:02:18 c.i.internal.factor.FactorController - Find category by factor id 2
[INFO ]2018-01-28 16:02:18 c.i.internal.factor.FactorController - Find category by factor id 1
[INFO ]2018-01-28 16:02:18 c.i.internal.factor.FactorController - Category with id 2 is found
[INFO ]2018-01-28 16:02:18 c.i.internal.factor.FactorController - Category with id 1 is found
[INFO ]2018-01-28 16:02:18 c.i.internal.factor.FactorController - Find category by factor id 3
[INFO ]2018-01-28 16:02:18 c.i.internal.factor.FactorController - Category with id 5 is found
[INFO ]2018-01-28 16:02:18 c.i.internal.factor.FactorController - Category with id 12 is found
[INFO ]2018-01-28 16:02:18 c.i.internal.factor.FactorController - Category with id 3 is found
[INFO ]2018-01-28 16:03:31 c.i.internal.factor.FactorController - Find category by factor id 13
[INFO ]2018-01-28 16:03:31 c.i.internal.factor.FactorController - Find category by factor id 7
[INFO ]2018-01-28 16:03:31 c.i.internal.factor.FactorController - Find category by factor id 6
[INFO ]2018-01-28 16:03:31 c.i.internal.factor.FactorController - Find category by factor id 12
[INFO ]2018-01-28 16:03:31 c.i.internal.factor.FactorController - Find category by factor id 8
[INFO ]2018-01-28 16:03:31 c.i.internal.factor.FactorController - Find category by factor id 9
[INFO ]2018-01-28 16:03:32 c.i.internal.factor.FactorController - Category with id 13 is found
[INFO ]2018-01-28 16:03:32 c.i.internal.factor.FactorController - Category with id 7 is found
[INFO ]2018-01-28 16:03:32 c.i.internal.factor.FactorController - Category with id 12 is found
[INFO ]2018-01-28 16:03:32 c.i.internal.factor.FactorController - Category with id 9 is found
[INFO ]2018-01-28 16:03:32 c.i.internal.factor.FactorController - Category with id 8 is found
[INFO ]2018-01-28 16:03:32 c.i.internal.factor.FactorController - Category with id 6 is found
[INFO ]2018-01-28 16:03:32 c.i.internal.factor.FactorController - Find category by factor id 5
[INFO ]2018-01-28 16:03:32 c.i.internal.factor.FactorController - Find category by factor id 10
[INFO ]2018-01-28 16:03:32 c.i.internal.factor.FactorController - Find category by factor id 4
[INFO ]2018-01-28 16:03:32 c.i.internal.factor.FactorController - Category with id 5 is found
[INFO ]2018-01-28 16:03:32 c.i.internal.factor.FactorController - Category with id 10 is found
[INFO ]2018-01-28 16:03:32 c.i.internal.factor.FactorController - Category with id 4 is found
[INFO ]2018-01-28 16:03:32 c.i.internal.factor.FactorController - Find category by factor id 11
[INFO ]2018-01-28 16:03:32 c.i.internal.factor.FactorController - Category with id 11 is found
[INFO ]2018-01-28 16:03:32 c.i.internal.factor.FactorController - Find category by factor id 2
[INFO ]2018-01-28 16:03:32 c.i.internal.factor.FactorController - Category with id 2 is found
[INFO ]2018-01-28 16:03:32 c.i.internal.factor.FactorController - Find category by factor id 3
[INFO ]2018-01-28 16:03:32 c.i.internal.factor.FactorController - Category with id 3 is found
[INFO ]2018-01-28 16:03:32 c.i.internal.factor.FactorController - Find category by factor id 1
[INFO ]2018-01-28 16:03:32 c.i.internal.factor.FactorController - Category with id 1 is found
[INFO ]2018-01-28 16:04:10 c.i.internal.factor.FactorController - Find category by factor id 8
[INFO ]2018-01-28 16:04:10 c.i.internal.factor.FactorController - Find category by factor id 9
[INFO ]2018-01-28 16:04:10 c.i.internal.factor.FactorController - Find category by factor id 13
[INFO ]2018-01-28 16:04:10 c.i.internal.factor.FactorController - Find category by factor id 7
[INFO ]2018-01-28 16:04:10 c.i.internal.factor.FactorController - Find category by factor id 6
[INFO ]2018-01-28 16:04:10 c.i.internal.factor.FactorController - Find category by factor id 11
[INFO ]2018-01-28 16:04:10 c.i.internal.factor.FactorController - Category with id 9 is found
[INFO ]2018-01-28 16:04:10 c.i.internal.factor.FactorController - Category with id 8 is found
[INFO ]2018-01-28 16:04:10 c.i.internal.factor.FactorController - Category with id 13 is found
[INFO ]2018-01-28 16:04:10 c.i.internal.factor.FactorController - Category with id 7 is found
[INFO ]2018-01-28 16:04:10 c.i.internal.factor.FactorController - Category with id 11 is found
[INFO ]2018-01-28 16:04:10 c.i.internal.factor.FactorController - Category with id 6 is found
[INFO ]2018-01-28 16:04:10 c.i.internal.factor.FactorController - Find category by factor id 12
[INFO ]2018-01-28 16:04:10 c.i.internal.factor.FactorController - Find category by factor id 10
[INFO ]2018-01-28 16:04:10 c.i.internal.factor.FactorController - Category with id 12 is found
[INFO ]2018-01-28 16:04:10 c.i.internal.factor.FactorController - Category with id 10 is found
[INFO ]2018-01-28 16:04:10 c.i.internal.factor.FactorController - Find category by factor id 5
[INFO ]2018-01-28 16:04:10 c.i.internal.factor.FactorController - Find category by factor id 4
[INFO ]2018-01-28 16:04:10 c.i.internal.factor.FactorController - Category with id 5 is found
[INFO ]2018-01-28 16:04:10 c.i.internal.factor.FactorController - Category with id 4 is found
[INFO ]2018-01-28 16:04:10 c.i.internal.factor.FactorController - Find category by factor id 2
[INFO ]2018-01-28 16:04:10 c.i.internal.factor.FactorController - Find category by factor id 1
[INFO ]2018-01-28 16:04:10 c.i.internal.factor.FactorController - Category with id 2 is found
[INFO ]2018-01-28 16:04:10 c.i.internal.factor.FactorController - Find category by factor id 3
[INFO ]2018-01-28 16:04:10 c.i.internal.factor.FactorController - Category with id 1 is found
[INFO ]2018-01-28 16:04:10 c.i.internal.factor.FactorController - Category with id 3 is found
[INFO ]2018-01-28 16:04:28 c.i.internal.factor.FactorController - Find category by factor id 8
[INFO ]2018-01-28 16:04:28 c.i.internal.factor.FactorController - Find category by factor id 9
[INFO ]2018-01-28 16:04:28 c.i.internal.factor.FactorController - Find category by factor id 6
[INFO ]2018-01-28 16:04:28 c.i.internal.factor.FactorController - Find category by factor id 7
[INFO ]2018-01-28 16:04:28 c.i.internal.factor.FactorController - Find category by factor id 13
[INFO ]2018-01-28 16:04:28 c.i.internal.factor.FactorController - Find category by factor id 12
[INFO ]2018-01-28 16:04:28 c.i.internal.factor.FactorController - Category with id 9 is found
[INFO ]2018-01-28 16:04:28 c.i.internal.factor.FactorController - Category with id 8 is found
[INFO ]2018-01-28 16:04:28 c.i.internal.factor.FactorController - Category with id 6 is found
[INFO ]2018-01-28 16:04:28 c.i.internal.factor.FactorController - Category with id 7 is found
[INFO ]2018-01-28 16:04:28 c.i.internal.factor.FactorController - Find category by factor id 11
[INFO ]2018-01-28 16:04:28 c.i.internal.factor.FactorController - Find category by factor id 10
[INFO ]2018-01-28 16:04:28 c.i.internal.factor.FactorController - Category with id 13 is found
[INFO ]2018-01-28 16:04:28 c.i.internal.factor.FactorController - Category with id 12 is found
[INFO ]2018-01-28 16:04:28 c.i.internal.factor.FactorController - Find category by factor id 5
[INFO ]2018-01-28 16:04:28 c.i.internal.factor.FactorController - Category with id 10 is found
[INFO ]2018-01-28 16:04:28 c.i.internal.factor.FactorController - Category with id 11 is found
[INFO ]2018-01-28 16:04:28 c.i.internal.factor.FactorController - Category with id 5 is found
[INFO ]2018-01-28 16:04:28 c.i.internal.factor.FactorController - Find category by factor id 2
[INFO ]2018-01-28 16:04:28 c.i.internal.factor.FactorController - Find category by factor id 4
[INFO ]2018-01-28 16:04:28 c.i.internal.factor.FactorController - Find category by factor id 1
[INFO ]2018-01-28 16:04:28 c.i.internal.factor.FactorController - Category with id 2 is found
[INFO ]2018-01-28 16:04:28 c.i.internal.factor.FactorController - Category with id 4 is found
[INFO ]2018-01-28 16:04:28 c.i.internal.factor.FactorController - Find category by factor id 3
[INFO ]2018-01-28 16:04:28 c.i.internal.factor.FactorController - Category with id 1 is found
[INFO ]2018-01-28 16:04:28 c.i.internal.factor.FactorController - Category with id 3 is found
[INFO ]2018-01-28 16:06:58 c.i.internal.factor.FactorController - Find category by factor id 6
[INFO ]2018-01-28 16:06:58 c.i.internal.factor.FactorController - Find category by factor id 9
[INFO ]2018-01-28 16:06:58 c.i.internal.factor.FactorController - Find category by factor id 12
[INFO ]2018-01-28 16:06:58 c.i.internal.factor.FactorController - Find category by factor id 8
[INFO ]2018-01-28 16:06:58 c.i.internal.factor.FactorController - Find category by factor id 13
[INFO ]2018-01-28 16:06:58 c.i.internal.factor.FactorController - Find category by factor id 7
[INFO ]2018-01-28 16:06:58 c.i.internal.factor.FactorController - Category with id 8 is found
[INFO ]2018-01-28 16:06:58 c.i.internal.factor.FactorController - Category with id 7 is found
[INFO ]2018-01-28 16:06:58 c.i.internal.factor.FactorController - Category with id 12 is found
[INFO ]2018-01-28 16:06:58 c.i.internal.factor.FactorController - Category with id 6 is found
[INFO ]2018-01-28 16:06:58 c.i.internal.factor.FactorController - Category with id 13 is found
[INFO ]2018-01-28 16:06:58 c.i.internal.factor.FactorController - Category with id 9 is found
[INFO ]2018-01-28 16:06:58 c.i.internal.factor.FactorController - Find category by factor id 4
[INFO ]2018-01-28 16:06:58 c.i.internal.factor.FactorController - Find category by factor id 2
[INFO ]2018-01-28 16:06:58 c.i.internal.factor.FactorController - Category with id 2 is found
[INFO ]2018-01-28 16:06:58 c.i.internal.factor.FactorController - Category with id 4 is found
[INFO ]2018-01-28 16:06:58 c.i.internal.factor.FactorController - Find category by factor id 10
[INFO ]2018-01-28 16:06:58 c.i.internal.factor.FactorController - Category with id 10 is found
[INFO ]2018-01-28 16:06:58 c.i.internal.factor.FactorController - Find category by factor id 11
[INFO ]2018-01-28 16:06:58 c.i.internal.factor.FactorController - Find category by factor id 1
[INFO ]2018-01-28 16:06:58 c.i.internal.factor.FactorController - Category with id 11 is found
[INFO ]2018-01-28 16:06:58 c.i.internal.factor.FactorController - Category with id 1 is found
[INFO ]2018-01-28 16:06:58 c.i.internal.factor.FactorController - Find category by factor id 5
[INFO ]2018-01-28 16:06:58 c.i.internal.factor.FactorController - Find category by factor id 3
[INFO ]2018-01-28 16:06:58 c.i.internal.factor.FactorController - Category with id 5 is found
[INFO ]2018-01-28 16:06:58 c.i.internal.factor.FactorController - Category with id 3 is found
[INFO ]2018-01-28 16:08:29 c.i.i.i.p.InsurancePolicyController - Calculate price for insurance policy home
[INFO ]2018-01-28 16:09:30 c.i.internal.factor.FactorController - Find category by factor id 7
[INFO ]2018-01-28 16:09:30 c.i.internal.factor.FactorController - Find category by factor id 9
[INFO ]2018-01-28 16:09:30 c.i.internal.factor.FactorController - Find category by factor id 13
[INFO ]2018-01-28 16:09:30 c.i.internal.factor.FactorController - Find category by factor id 6
[INFO ]2018-01-28 16:09:30 c.i.internal.factor.FactorController - Find category by factor id 8
[INFO ]2018-01-28 16:09:30 c.i.internal.factor.FactorController - Find category by factor id 12
[INFO ]2018-01-28 16:09:30 c.i.internal.factor.FactorController - Category with id 7 is found
[INFO ]2018-01-28 16:09:30 c.i.internal.factor.FactorController - Category with id 9 is found
[INFO ]2018-01-28 16:09:30 c.i.internal.factor.FactorController - Find category by factor id 10
[INFO ]2018-01-28 16:09:30 c.i.internal.factor.FactorController - Find category by factor id 11
[INFO ]2018-01-28 16:09:30 c.i.internal.factor.FactorController - Category with id 13 is found
[INFO ]2018-01-28 16:09:30 c.i.internal.factor.FactorController - Category with id 11 is found
[INFO ]2018-01-28 16:09:30 c.i.internal.factor.FactorController - Category with id 6 is found
[INFO ]2018-01-28 16:09:30 c.i.internal.factor.FactorController - Category with id 8 is found
[INFO ]2018-01-28 16:09:30 c.i.internal.factor.FactorController - Find category by factor id 5
[INFO ]2018-01-28 16:09:30 c.i.internal.factor.FactorController - Category with id 10 is found
[INFO ]2018-01-28 16:09:30 c.i.internal.factor.FactorController - Find category by factor id 2
[INFO ]2018-01-28 16:09:30 c.i.internal.factor.FactorController - Find category by factor id 4
[INFO ]2018-01-28 16:09:30 c.i.internal.factor.FactorController - Category with id 12 is found
[INFO ]2018-01-28 16:09:30 c.i.internal.factor.FactorController - Find category by factor id 1
[INFO ]2018-01-28 16:09:30 c.i.internal.factor.FactorController - Category with id 2 is found
[INFO ]2018-01-28 16:09:30 c.i.internal.factor.FactorController - Category with id 1 is found
[INFO ]2018-01-28 16:09:30 c.i.internal.factor.FactorController - Category with id 5 is found
[INFO ]2018-01-28 16:09:30 c.i.internal.factor.FactorController - Category with id 4 is found
[INFO ]2018-01-28 16:09:30 c.i.internal.factor.FactorController - Find category by factor id 3
[INFO ]2018-01-28 16:09:30 c.i.internal.factor.FactorController - Category with id 3 is found
[INFO ]2018-01-28 16:10:05 c.i.i.i.p.InsurancePolicyController - Calculate price for insurance policy
[INFO ]2018-01-28 16:10:05 c.i.i.i.p.InsurancePolicyController - Price is calculated and price is 27720.0
[INFO ]2018-01-28 16:10:40 c.i.i.i.p.InsurancePolicyController - Calculate price for insurance policy car
[INFO ]2018-01-28 16:10:40 c.i.i.i.p.InsurancePolicyController - Price is calculated and price is 37464.0
[INFO ]2018-01-28 16:38:53 c.i.internal.factor.FactorController - Find category by factor id 8
[INFO ]2018-01-28 16:38:53 c.i.internal.factor.FactorController - Find category by factor id 7
[INFO ]2018-01-28 16:38:53 c.i.internal.factor.FactorController - Find category by factor id 12
[INFO ]2018-01-28 16:38:53 c.i.internal.factor.FactorController - Find category by factor id 9
[INFO ]2018-01-28 16:38:53 c.i.internal.factor.FactorController - Find category by factor id 13
[INFO ]2018-01-28 16:38:53 c.i.internal.factor.FactorController - Find category by factor id 6
[INFO ]2018-01-28 16:38:53 c.i.internal.factor.FactorController - Category with id 8 is found
[INFO ]2018-01-28 16:38:53 c.i.internal.factor.FactorController - Category with id 13 is found
[INFO ]2018-01-28 16:38:53 c.i.internal.factor.FactorController - Category with id 7 is found
[INFO ]2018-01-28 16:38:53 c.i.internal.factor.FactorController - Category with id 6 is found
[INFO ]2018-01-28 16:38:53 c.i.internal.factor.FactorController - Category with id 9 is found
[INFO ]2018-01-28 16:38:53 c.i.internal.factor.FactorController - Category with id 12 is found
[INFO ]2018-01-28 16:38:54 c.i.internal.factor.FactorController - Find category by factor id 10
[INFO ]2018-01-28 16:38:54 c.i.internal.factor.FactorController - Find category by factor id 2
[INFO ]2018-01-28 16:38:54 c.i.internal.factor.FactorController - Find category by factor id 11
[INFO ]2018-01-28 16:38:54 c.i.internal.factor.FactorController - Find category by factor id 4
[INFO ]2018-01-28 16:38:54 c.i.internal.factor.FactorController - Find category by factor id 5
[INFO ]2018-01-28 16:38:54 c.i.internal.factor.FactorController - Category with id 10 is found
[INFO ]2018-01-28 16:38:54 c.i.internal.factor.FactorController - Category with id 2 is found
[INFO ]2018-01-28 16:38:54 c.i.internal.factor.FactorController - Find category by factor id 3
[INFO ]2018-01-28 16:38:54 c.i.internal.factor.FactorController - Category with id 3 is found
[INFO ]2018-01-28 16:38:54 c.i.internal.factor.FactorController - Find category by factor id 1
[INFO ]2018-01-28 16:38:54 c.i.internal.factor.FactorController - Category with id 4 is found
[INFO ]2018-01-28 16:38:54 c.i.internal.factor.FactorController - Category with id 11 is found
[INFO ]2018-01-28 16:38:54 c.i.internal.factor.FactorController - Category with id 5 is found
[INFO ]2018-01-28 16:38:54 c.i.internal.factor.FactorController - Category with id 1 is found
[INFO ]2018-01-28 16:39:07 c.i.i.i.p.InsurancePolicyController - Calculate price for insurance policy
[INFO ]2018-01-28 16:42:13 c.i.i.i.p.InsurancePolicyController - Calculate price for insurance policy
[INFO ]2018-01-28 16:42:32 c.i.i.i.p.InsurancePolicyController - Calculate price for insurance policy
[INFO ]2018-01-28 18:05:02 c.i.internal.factor.FactorController - Find category by factor id 6
[INFO ]2018-01-28 18:05:02 c.i.internal.factor.FactorController - Find category by factor id 7
[INFO ]2018-01-28 18:05:02 c.i.internal.factor.FactorController - Find category by factor id 12
[INFO ]2018-01-28 18:05:02 c.i.internal.factor.FactorController - Find category by factor id 9
[INFO ]2018-01-28 18:05:02 c.i.internal.factor.FactorController - Find category by factor id 13
[INFO ]2018-01-28 18:05:02 c.i.internal.factor.FactorController - Find category by factor id 8
[INFO ]2018-01-28 18:05:03 c.i.internal.factor.FactorController - Category with id 12 is found
[INFO ]2018-01-28 18:05:03 c.i.internal.factor.FactorController - Category with id 8 is found
[INFO ]2018-01-28 18:05:03 c.i.internal.factor.FactorController - Category with id 13 is found
[INFO ]2018-01-28 18:05:03 c.i.internal.factor.FactorController - Category with id 9 is found
[INFO ]2018-01-28 18:05:03 c.i.internal.factor.FactorController - Category with id 7 is found
[INFO ]2018-01-28 18:05:03 c.i.internal.factor.FactorController - Find category by factor id 5
[INFO ]2018-01-28 18:05:03 c.i.internal.factor.FactorController - Find category by factor id 4
[INFO ]2018-01-28 18:05:03 c.i.internal.factor.FactorController - Find category by factor id 2
[INFO ]2018-01-28 18:05:03 c.i.internal.factor.FactorController - Category with id 6 is found
[INFO ]2018-01-28 18:05:03 c.i.internal.factor.FactorController - Category with id 5 is found
[INFO ]2018-01-28 18:05:03 c.i.internal.factor.FactorController - Find category by factor id 11
[INFO ]2018-01-28 18:05:03 c.i.internal.factor.FactorController - Category with id 4 is found
[INFO ]2018-01-28 18:05:03 c.i.internal.factor.FactorController - Find category by factor id 10
[INFO ]2018-01-28 18:05:03 c.i.internal.factor.FactorController - Find category by factor id 3
[INFO ]2018-01-28 18:05:03 c.i.internal.factor.FactorController - Category with id 2 is found
[INFO ]2018-01-28 18:05:03 c.i.internal.factor.FactorController - Category with id 10 is found
[INFO ]2018-01-28 18:05:03 c.i.internal.factor.FactorController - Find category by factor id 1
[INFO ]2018-01-28 18:05:03 c.i.internal.factor.FactorController - Category with id 11 is found
[INFO ]2018-01-28 18:05:03 c.i.internal.factor.FactorController - Category with id 1 is found
[INFO ]2018-01-28 18:05:03 c.i.internal.factor.FactorController - Category with id 3 is found
[INFO ]2018-01-28 18:05:16 c.i.i.i.p.InsurancePolicyController - Calculate price for insurance policy
[INFO ]2018-01-28 18:07:10 c.i.i.i.p.InsurancePolicyController - Calculate price for insurance policy
[INFO ]2018-01-28 18:08:57 c.i.i.i.p.InsurancePolicyController - Calculate price for insurance policy
[INFO ]2018-01-28 18:09:06 c.i.internal.factor.FactorController - Find category by factor id 9
[INFO ]2018-01-28 18:09:06 c.i.internal.factor.FactorController - Find category by factor id 8
[INFO ]2018-01-28 18:09:06 c.i.internal.factor.FactorController - Find category by factor id 7
[INFO ]2018-01-28 18:09:06 c.i.internal.factor.FactorController - Find category by factor id 13
[INFO ]2018-01-28 18:09:06 c.i.internal.factor.FactorController - Find category by factor id 6
[INFO ]2018-01-28 18:09:06 c.i.internal.factor.FactorController - Category with id 9 is found
[INFO ]2018-01-28 18:09:06 c.i.internal.factor.FactorController - Find category by factor id 12
[INFO ]2018-01-28 18:09:06 c.i.internal.factor.FactorController - Category with id 7 is found
[INFO ]2018-01-28 18:09:06 c.i.internal.factor.FactorController - Find category by factor id 11
[INFO ]2018-01-28 18:09:06 c.i.internal.factor.FactorController - Category with id 8 is found
[INFO ]2018-01-28 18:09:06 c.i.internal.factor.FactorController - Category with id 13 is found
[INFO ]2018-01-28 18:09:06 c.i.internal.factor.FactorController - Find category by factor id 10
[INFO ]2018-01-28 18:09:06 c.i.internal.factor.FactorController - Category with id 12 is found
[INFO ]2018-01-28 18:09:06 c.i.internal.factor.FactorController - Category with id 6 is found
[INFO ]2018-01-28 18:09:06 c.i.internal.factor.FactorController - Category with id 10 is found
[INFO ]2018-01-28 18:09:06 c.i.internal.factor.FactorController - Category with id 11 is found
[INFO ]2018-01-28 18:09:06 c.i.internal.factor.FactorController - Find category by factor id 4
[INFO ]2018-01-28 18:09:06 c.i.internal.factor.FactorController - Find category by factor id 5
[INFO ]2018-01-28 18:09:06 c.i.internal.factor.FactorController - Find category by factor id 1
[INFO ]2018-01-28 18:09:06 c.i.internal.factor.FactorController - Find category by factor id 3
[INFO ]2018-01-28 18:09:06 c.i.internal.factor.FactorController - Category with id 4 is found
[INFO ]2018-01-28 18:09:06 c.i.internal.factor.FactorController - Find category by factor id 2
[INFO ]2018-01-28 18:09:06 c.i.internal.factor.FactorController - Category with id 1 is found
[INFO ]2018-01-28 18:09:06 c.i.internal.factor.FactorController - Category with id 3 is found
[INFO ]2018-01-28 18:09:06 c.i.internal.factor.FactorController - Category with id 5 is found
[INFO ]2018-01-28 18:09:06 c.i.internal.factor.FactorController - Category with id 2 is found
[INFO ]2018-01-28 18:14:08 c.i.i.i.p.InsurancePolicyController - Calculate price for insurance policy
[INFO ]2018-01-28 18:14:09 c.i.i.i.p.InsurancePolicyController - Calculate price for insurance policy
[INFO ]2018-01-28 22:22:55 c.i.internal.factor.FactorController - Find category by factor id 7
[INFO ]2018-01-28 22:22:55 c.i.internal.factor.FactorController - Find category by factor id 8
[INFO ]2018-01-28 22:22:55 c.i.internal.factor.FactorController - Find category by factor id 9
[INFO ]2018-01-28 22:22:55 c.i.internal.factor.FactorController - Find category by factor id 10
[INFO ]2018-01-28 22:22:55 c.i.internal.factor.FactorController - Find category by factor id 12
[INFO ]2018-01-28 22:22:55 c.i.internal.factor.FactorController - Find category by factor id 13
[INFO ]2018-01-28 22:22:55 c.i.internal.factor.FactorController - Category with id 7 is found
[INFO ]2018-01-28 22:22:55 c.i.internal.factor.FactorController - Category with id 8 is found
[INFO ]2018-01-28 22:22:55 c.i.internal.factor.FactorController - Category with id 9 is found
[INFO ]2018-01-28 22:22:55 c.i.internal.factor.FactorController - Category with id 10 is found
[INFO ]2018-01-28 22:22:55 c.i.internal.factor.FactorController - Category with id 12 is found
[INFO ]2018-01-28 22:22:55 c.i.internal.factor.FactorController - Find category by factor id 5
[INFO ]2018-01-28 22:22:55 c.i.internal.factor.FactorController - Find category by factor id 3
[INFO ]2018-01-28 22:22:55 c.i.internal.factor.FactorController - Find category by factor id 2
[INFO ]2018-01-28 22:22:55 c.i.internal.factor.FactorController - Category with id 13 is found
[INFO ]2018-01-28 22:22:55 c.i.internal.factor.FactorController - Find category by factor id 4
[INFO ]2018-01-28 22:22:55 c.i.internal.factor.FactorController - Category with id 5 is found
[INFO ]2018-01-28 22:22:55 c.i.internal.factor.FactorController - Category with id 2 is found
[INFO ]2018-01-28 22:22:55 c.i.internal.factor.FactorController - Find category by factor id 11
[INFO ]2018-01-28 22:22:55 c.i.internal.factor.FactorController - Category with id 3 is found
[INFO ]2018-01-28 22:22:55 c.i.internal.factor.FactorController - Find category by factor id 6
[INFO ]2018-01-28 22:22:55 c.i.internal.factor.FactorController - Category with id 11 is found
[INFO ]2018-01-28 22:22:55 c.i.internal.factor.FactorController - Category with id 6 is found
[INFO ]2018-01-28 22:22:55 c.i.internal.factor.FactorController - Find category by factor id 1
[INFO ]2018-01-28 22:22:55 c.i.internal.factor.FactorController - Category with id 4 is found
[INFO ]2018-01-28 22:22:55 c.i.internal.factor.FactorController - Category with id 1 is found
[INFO ]2018-01-28 22:23:08 c.i.i.i.p.InsurancePolicyController - Calculate price for insurance policy
[INFO ]2018-01-28 22:24:18 c.i.i.i.p.InsurancePolicyController - Calculate price for insurance policy
[INFO ]2018-01-28 22:34:36 c.i.i.i.p.InsurancePolicyController - Calculate price for insurance policy
[INFO ]2018-01-28 22:39:15 c.i.i.i.p.InsurancePolicyController - Calculate price for insurance policy
[INFO ]2018-01-28 22:40:22 c.i.i.i.p.InsurancePolicyController - Calculate price for insurance policy
[INFO ]2018-01-28 22:51:48 c.i.i.i.p.InsurancePolicyController - Calculate price for insurance policy
