[INFO ]2018-01-27 18:46:25 isok.isok.factor.FactorController - Expect category factors
[INFO ]2018-01-27 18:46:25 isok.isok.factor.FactorController - Category factors are listed
[INFO ]2018-01-27 18:46:28 isok.isok.factor.FactorController - Expect category factors
[INFO ]2018-01-27 18:46:28 isok.isok.factor.FactorController - Category factors are listed
[INFO ]2018-01-27 18:46:28 isok.isok.factor.FactorController - Expect factors
[INFO ]2018-01-27 18:46:28 isok.isok.factor.FactorController - Find category by factor id 2
[INFO ]2018-01-27 18:46:28 isok.isok.factor.FactorController - Factors are listed
[INFO ]2018-01-27 18:46:28 isok.isok.factor.FactorController - Category is found
[INFO ]2018-01-27 18:46:44 isok.isok.factor.FactorController - Expect factors
[INFO ]2018-01-27 18:46:44 isok.isok.factor.FactorController - Expect factor id 6
[INFO ]2018-01-27 18:46:44 isok.isok.factor.FactorController - Expect category factors
[INFO ]2018-01-27 18:46:44 isok.isok.factor.FactorController - Factor with id 6 is found
[INFO ]2018-01-27 18:46:44 isok.isok.factor.FactorController - Factors are listed
[INFO ]2018-01-27 18:46:44 isok.isok.factor.FactorController - Category factors are listed
[INFO ]2018-01-27 18:46:46 isok.isok.factor.FactorController - Expect category factors
[INFO ]2018-01-27 18:46:46 isok.isok.factor.FactorController - Category factors are listed
[INFO ]2018-01-27 18:46:48 isok.isok.factor.FactorController - Expect factors
[INFO ]2018-01-27 18:46:48 isok.isok.factor.FactorController - Expect category factors
[INFO ]2018-01-27 18:46:48 isok.isok.factor.FactorController - Factors are listed
[INFO ]2018-01-27 18:46:48 isok.isok.factor.FactorController - Category factors are listed
[INFO ]2018-01-27 18:46:48 isok.isok.factor.FactorController - Find category by factor id 1
[INFO ]2018-01-27 18:46:48 isok.isok.factor.FactorController - Category is found
[INFO ]2018-01-27 18:46:53 isok.isok.factor.FactorController - Expect category factors
[INFO ]2018-01-27 18:46:53 isok.isok.factor.FactorController - Category factors are listed
[INFO ]2018-01-27 18:46:54 isok.isok.factor.FactorController - Expect category factors
[INFO ]2018-01-27 18:46:54 isok.isok.factor.FactorController - Category factors are listed
[INFO ]2018-01-27 18:46:54 isok.isok.factor.FactorController - Expect category factors
[INFO ]2018-01-27 18:46:54 isok.isok.factor.FactorController - Expect category factor id 1
[INFO ]2018-01-27 18:46:54 isok.isok.factor.FactorController - Category factors are listed
[INFO ]2018-01-27 18:46:54 isok.isok.factor.FactorController - Category factor with 1 is found
[INFO ]2018-01-27 18:47:18 isok.isok.factor.FactorController - Expect factors
[INFO ]2018-01-27 18:47:18 isok.isok.factor.FactorController - Expect category factors
[INFO ]2018-01-27 18:47:18 isok.isok.factor.FactorController - Category factors are listed
[INFO ]2018-01-27 18:47:18 isok.isok.factor.FactorController - Factors are listed
[INFO ]2018-01-27 18:52:11 isok.isok.factor.FactorController - Find category by factor id 1
[INFO ]2018-01-27 18:52:11 isok.isok.factor.FactorController - Find category by factor id 2
[INFO ]2018-01-27 18:52:11 isok.isok.factor.FactorController - Find category by factor id 3
[INFO ]2018-01-27 18:52:12 isok.isok.factor.FactorController - Category is found
[INFO ]2018-01-27 18:52:12 isok.isok.factor.FactorController - Category is found
[INFO ]2018-01-27 18:52:12 isok.isok.factor.FactorController - Category is found
[INFO ]2018-01-29 22:25:30 isok.isok.factor.FactorController - Expect category factors
[INFO ]2018-01-29 22:25:30 isok.isok.factor.FactorController - Expect factors
[INFO ]2018-01-29 22:27:10 isok.isok.factor.FactorController - Expect category factors
[INFO ]2018-01-29 22:27:10 isok.isok.factor.FactorController - Expect factors
[INFO ]2018-01-29 22:27:57 isok.isok.factor.FactorController - Expect factors
[INFO ]2018-01-29 22:27:57 isok.isok.factor.FactorController - Expect category factors
[INFO ]2018-01-29 22:28:40 isok.isok.factor.FactorController - Expect factors
[INFO ]2018-01-29 22:28:40 isok.isok.factor.FactorController - Expect category factors
[INFO ]2018-01-29 22:30:12 isok.isok.factor.FactorController - Expect factors
[INFO ]2018-01-29 22:30:12 isok.isok.factor.FactorController - Expect category factors
[INFO ]2018-01-29 22:30:42 isok.isok.factor.FactorController - Expect factors
[INFO ]2018-01-29 22:30:42 isok.isok.factor.FactorController - Expect category factors
[INFO ]2018-01-29 22:30:43 isok.isok.factor.FactorController - Category factors are listed
[INFO ]2018-01-29 22:30:45 isok.isok.factor.FactorController - Factors are listed
[INFO ]2018-01-29 22:41:29 isok.isok.factor.FactorController - Expect category factors
[INFO ]2018-01-29 22:41:29 isok.isok.factor.FactorController - Expect factors
[INFO ]2018-01-29 22:41:30 isok.isok.factor.FactorController - Category factors are listed
[INFO ]2018-01-29 22:41:37 isok.isok.factor.FactorController - Factors are listed
[INFO ]2018-01-29 22:42:27 isok.isok.factor.FactorController - Expect category factors
[INFO ]2018-01-29 22:42:27 isok.isok.factor.FactorController - Expect factors
[INFO ]2018-01-29 22:42:56 isok.isok.factor.FactorController - Expect factors
[INFO ]2018-01-29 22:42:56 isok.isok.factor.FactorController - Expect category factors
[INFO ]2018-01-29 22:43:53 isok.isok.factor.FactorController - Expect category factors
[INFO ]2018-01-29 22:43:53 isok.isok.factor.FactorController - Expect factors
[INFO ]2018-01-29 22:44:43 isok.isok.factor.FactorController - Expect factors
[INFO ]2018-01-29 22:44:43 isok.isok.factor.FactorController - Expect category factors
[INFO ]2018-01-29 22:52:15 isok.isok.factor.FactorController - Expect factors
[INFO ]2018-01-29 22:52:15 isok.isok.factor.FactorController - Expect category factors
[INFO ]2018-01-29 22:53:42 isok.isok.factor.FactorController - Expect factors
[INFO ]2018-01-29 22:53:42 isok.isok.factor.FactorController - Expect category factors
[INFO ]2018-01-29 22:54:11 isok.isok.factor.FactorController - Expect category factors
[INFO ]2018-01-29 22:54:11 isok.isok.factor.FactorController - Expect factors
[INFO ]2018-01-29 22:56:27 isok.isok.factor.FactorController - Expect factors
[INFO ]2018-01-29 22:56:27 isok.isok.factor.FactorController - Expect category factors
[INFO ]2018-01-29 22:57:12 isok.isok.factor.FactorController - Expect category factors
[INFO ]2018-01-29 22:57:12 isok.isok.factor.FactorController - Expect factors
[INFO ]2018-01-29 22:58:51 isok.isok.factor.FactorController - Expect factors
[INFO ]2018-01-29 22:58:51 isok.isok.factor.FactorController - Expect category factors
[INFO ]2018-01-29 22:58:52 isok.isok.factor.FactorController - Category factors are listed
[INFO ]2018-01-29 22:59:09 isok.isok.factor.FactorController - Factors are listed
[INFO ]2018-01-29 23:00:01 isok.isok.factor.FactorController - Expect factors
[INFO ]2018-01-29 23:00:01 isok.isok.factor.FactorController - Expect category factors
[INFO ]2018-01-29 23:01:34 isok.isok.factor.FactorController - Expect category factors
[INFO ]2018-01-29 23:01:35 isok.isok.factor.FactorController - Category factors are listed
[INFO ]2018-01-29 23:01:37 isok.isok.factor.FactorController - Expect factors
[INFO ]2018-01-29 23:01:47 isok.isok.factor.FactorController - Factors are listed
